20240417	21:36:41	fff08991-a0f3-426b-a1cb-681e63045251	GET	/	undefined
20240417	21:36:41	de98ca10-5c58-4e0a-a33f-1ee80eaf3e7b	GET	/css/style.css	undefined
20240417	21:46:19	9f7ad163-0dc5-4520-ad8e-44ed492bf737	GET	/	undefined
20240417	21:46:19	dc502743-4dd8-412b-8446-ea63316c0b04	GET	/css/style.css	undefined
20240417	21:47:49	992cc42a-b315-48e2-b3bc-50cdb7395185	GET	/127.0.0.1:3003	undefined
20240418	15:00:08	dff0ff0c-69ab-4702-b905-7ea4e1f970f2	GET	/	undefined
20240418	15:00:16	1428d8f4-e3d8-488d-8167-ddc3c1d8177e	GET	/users	undefined
20240418	16:27:34	7af43561-96f4-4234-8d79-9b1b542c34ea	POST	/users	undefined
20240418	16:29:49	3f7f9a6d-334a-4377-824b-d2d60dc6ce23	POST	/users	undefined
20240418	16:30:06	ffeeed05-bee6-46c3-99be-79f588b1f2e4	POST	/users	undefined
20240418	16:30:58	77290e1d-dba9-45b7-a81a-bd3a3015dc44	POST	/users	undefined
20240418	16:31:17	549a1fd5-17e2-478c-8edf-0df37a374dd3	POST	/users	undefined
20240418	16:31:45	bc51521f-93ca-4a24-93e8-2d401b85231b	POST	/users	undefined
20240418	16:31:51	3999ee9e-4713-4719-adc2-24ecb149cc1e	GET	/users	undefined
20240418	16:32:11	c8c18e66-7dd0-4a5a-83cb-0be7d72388f1	GET	/users	undefined
20240418	16:32:16	31fe429e-5534-4d44-bf4f-8e42eaf33920	POST	/users	undefined
20240418	16:32:23	a7f53bc9-d6f0-466b-b95f-e1987b9c773d	POST	/users	undefined
20240418	16:32:30	7b210916-903b-48a6-8ef9-8b4d69273648	GET	/users	undefined
20240418	16:32:55	adb4eb03-7d67-41f2-8170-abaebf696f35	GET	/users	undefined
20240418	16:33:20	63f49f17-8e76-4e41-aee5-268aaaac6f1b	GET	/users	undefined
20240418	16:33:21	b9d3a16a-5952-4457-9173-b7f065c317a2	GET	/users	undefined
20240418	16:33:22	b60d5c07-0fde-472a-a3a4-97fbfd23a641	GET	/users	undefined
20240418	16:33:25	6ff25526-3919-4032-9648-c2445fa6f9fa	POST	/users	undefined
20240418	16:36:17	361b73f7-ccf5-4d5e-af22-7acc6ce7631a	POST	/users	undefined
20240418	16:36:23	bc308db2-7aa7-4377-9aad-5417afa91d6a	POST	/users	undefined
20240418	16:36:25	9fbff914-7fba-4ef8-9de2-4fffd4b63f84	POST	/users	undefined
20240418	16:36:37	1fe105ab-e801-40f2-90f5-4ceaece37f8b	POST	/users	undefined
20240418	16:36:40	e07f0219-b83c-4a96-821a-29a96d649dbd	POST	/users	undefined
20240418	16:36:42	929d8843-474e-4b7b-bad1-623fae282850	POST	/users	undefined
20240418	16:36:44	4fdd5c08-a36f-4000-afcb-bea9f8e4fe94	POST	/users	undefined
20240418	16:36:49	d38c88f4-ba8d-46c5-aba7-7b9e2da8def4	GET	/users	undefined
20240418	16:36:58	2b86740f-e97f-491d-b1c3-4e94498efc7c	GET	/users	undefined
20240421	16:00:13	2d5d668d-3447-4ae1-a3c9-e520334acb90	GET	/	undefined
20240421	16:00:18	34ba2a92-0ab5-40c4-b0dc-f7e7c1a6b841	GET	/	undefined
20240421	16:00:32	62134ccc-f3e8-4652-bba4-19bd3f76eafb	GET	/api/users	undefined
20240421	16:01:33	1f1ba955-86f7-48f4-acad-c5e33773eca3	GET	/api/users	undefined
20240421	16:01:49	afd70ae3-f162-49d4-afca-9cd55e2715ad	GET	/users	undefined
20240421	16:02:40	4f265a41-25f5-4d67-8ae0-791efb7289d2	GET	/users	undefined
20240421	16:02:44	50fe3e02-3e69-47ed-b20e-45ee9d6843a0	POST	/users	undefined
20240422	21:14:34	928c922b-e5c4-471d-af12-7c9486a3af6f	GET	/users	undefined
20240422	21:15:03	610f1c74-8aeb-4814-bb30-6b9de7b8f61f	POST	/users	undefined
20240422	21:16:12	fb077894-d063-477b-abc7-7b1fad8dcca4	POST	/users	undefined
20240422	21:16:18	b7165e3d-2f1d-4cfb-ba48-a2744ab739be	POST	/users	undefined
20240422	21:16:30	48a8395d-8e3d-4ad4-9999-d262d830cff3	POST	/users	undefined
20240422	21:16:41	b70aa5ef-943a-4801-af3a-5fbcd2edd225	POST	/users	undefined
20240422	21:16:54	60fff26b-c1e6-4d88-8309-546e3d6e53f4	POST	/users	undefined
20240422	21:17:12	cb95e1b2-9fc9-4268-a882-5f14cf349815	POST	/users	undefined
20240422	21:17:47	7d09799a-9824-46f7-9010-7dbc24233526	POST	/users	undefined
20240422	21:17:59	3490b259-7b67-4ffa-bc05-b0f1db2a90d8	POST	/users	undefined
20240422	21:23:06	1b5a6d75-f792-44c2-bc4d-d95efb203a7e	GET	/users	undefined
20240422	21:33:06	87069f0f-995f-4b10-9dd9-7542103026ab	PATCH	/users	undefined
20240422	21:33:28	0db5a573-0804-441c-8b2f-5c0348dcd68a	PATCH	/users	undefined
20240422	21:33:30	aad5d0f6-22a7-4f6d-aeda-cc0b8e5a65f1	PATCH	/users	undefined
20240422	21:34:27	6a2dee91-31fb-46a6-a38d-80a8dfe7eed6	GET	/users	undefined
20240422	21:35:10	3586545c-31ae-4116-bd50-ded94ea616d5	PATCH	/users	undefined
20240422	21:35:23	e1426ba2-ca24-4f97-aadd-acc1c35fa412	GET	/users	undefined
20240422	21:35:29	e2bb5a46-373a-4b42-9dcd-1eaf9b60e2a5	GET	/users	undefined
20240422	21:35:47	412c44df-40a4-4035-a0b6-4760bbfbafb4	GET	/users	undefined
20240422	21:36:27	b9700c61-0b9d-4a55-be36-121a11a6875d	GET	/users	undefined
20240422	21:36:55	034401c2-438c-47be-88c5-f25a6fedd643	GET	/users	undefined
20240422	21:37:13	50b2cf85-e9a4-410b-b947-dd66b6418b80	GET	/users	undefined
20240422	21:37:14	63f33779-476b-4a49-b17c-aa076d5fb57f	GET	/users	undefined
20240422	21:37:14	03479783-f47f-4b56-bf7e-b0dad905ae14	GET	/users	undefined
20240422	21:37:14	6296ba28-53e5-446d-9802-931394ae80d4	GET	/users	undefined
20240422	21:37:36	7b2ac78b-966d-47ba-835a-908c2804bc5e	GET	/users	undefined
20240422	21:37:46	58860c03-6f29-427e-8eb2-83273dfcf978	GET	/users	undefined
20240422	21:39:12	0be33337-4322-402f-a3d9-a7719f2ed664	PATCH	/users	undefined
20240422	21:39:33	7be8c86a-bec0-4efb-b644-b720c946c837	PATCH	/users	undefined
20240422	21:39:40	13eca186-7371-4747-a3aa-2676db03b0e8	PATCH	/users	undefined
20240422	21:40:08	93936c59-c0d9-40a3-b0fc-3f666a4909d6	PATCH	/users	undefined
20240422	21:40:22	163031df-51ea-4e2b-8d65-7c54eb71e05f	PATCH	/users	undefined
20240422	21:40:32	91f6427e-86fd-42f1-94a6-6b4abafe113b	PATCH	/users	undefined
20240422	21:41:54	6607768d-a872-4c75-90f7-0a543d538b03	GET	/users	undefined
20240422	21:42:49	679da1d3-e164-4a08-aedd-45d0711684b2	PATCH	/users	undefined
20240422	21:44:07	8a541f76-63cb-4564-b975-e8ad5e790e6c	GET	/users	undefined
20240422	21:44:50	32a28921-91d5-4e86-8db8-d8fdef36f55b	GET	/users	undefined
20240422	21:44:59	bcfab7b3-cec3-4d51-a658-5ab50cfda701	PATCH	/users	undefined
20240422	21:45:06	91261981-a66a-42a4-9160-dbf8ce9e179d	PATCH	/users	undefined
20240422	21:45:12	6fbea4ca-9879-40f9-adaa-04848441b39f	PATCH	/users	undefined
20240422	21:48:32	d69579a5-9c71-489a-b38c-17de8f7e22b7	GET	/users	undefined
20240422	21:48:48	6493cc7b-42cd-4068-a287-64344157dc9b	PATCH	/users	undefined
20240422	21:50:37	ce63ac0e-9fc9-4e20-9b8a-49278ac0f26d	PATCH	/users	undefined
20240422	21:50:43	de6d295f-0f22-4ace-af6a-681a5ae94b14	PATCH	/users	undefined
20240422	21:50:45	43fa03e3-3914-45c7-b6a4-fdfa54bd28e2	PATCH	/users	undefined
20240422	21:50:45	03f47a1a-b80a-4e5a-b505-3081e99ad1dc	PATCH	/users	undefined
20240422	21:50:46	675c1ce3-c765-4530-b27a-ff270b48ac4f	PATCH	/users	undefined
20240422	21:50:47	94f14d55-11e7-4cbf-ae48-db9a5274947e	PATCH	/users	undefined
20240422	21:50:58	7160d001-7ae6-4657-b7cc-3b58ec8716b6	PATCH	/users	undefined
20240422	21:51:04	eb1f08d4-650d-47df-9c53-408bab8f1513	PATCH	/users	undefined
20240422	21:53:42	c0aeab5f-dc19-4796-8404-482717bcd28f	PATCH	/users	undefined
20240422	21:54:19	4d410f6a-e627-4dbd-bbb3-9a8f4f5102f4	PATCH	/users	undefined
20240422	21:54:40	6abb0068-10a5-4b0b-b659-94d9172fb474	PATCH	/users	undefined
20240422	21:55:24	1652b8d9-6b44-4894-a2c7-066b97974494	PATCH	/users	undefined
20240422	21:56:44	c6933fdf-3b6e-4da7-9e5e-d5043af9a220	PATCH	/users	undefined
20240422	21:57:03	9042756e-6af3-454c-aba7-05c2a88eca69	PATCH	/users	undefined
20240422	21:59:15	f0f1847d-3573-4552-aa30-a5a1f3293ac7	PATCH	/users	undefined
20240422	22:00:18	150ee5f4-218d-498b-928d-729a3ec16645	PATCH	/users	undefined
20240422	22:08:23	55ab948c-0746-4ffd-8197-cca7689b892f	GET	/users	undefined
20240422	22:09:01	e58d56d5-5a37-4080-a039-192fd5ecb199	DELETE	/users	undefined
20240422	22:09:08	3ef34a99-ff79-4163-87fc-c9a9aea6f9cd	DELETE	/users	undefined
20240422	22:09:36	c2bb7a10-8cba-4ab4-b147-54ba8bf5e7f8	GET	/users	undefined
20240422	22:11:51	c440531e-f284-40c3-89c5-4cce6e0776b5	GET	/users	undefined
20240422	22:12:23	afe5108a-df4d-4c46-8cb6-2589dad7a1e6	DELETE	/users	undefined
20240422	22:12:29	ee4a2317-76c1-4745-8719-1c7f1b192cec	DELETE	/users	undefined
20240422	22:12:34	1344f9a6-bf5f-4da3-b60b-88b0a544d85d	DELETE	/users	undefined
20240422	22:12:39	b70fc961-9ed6-481a-87d6-509f867fb140	DELETE	/users	undefined
20240423	04:21:56	8eaff9cb-1b58-46f5-a1be-6d44f2c0d5f6	GET	/users	undefined
20240423	04:22:11	e0dc053b-8d54-40ab-8436-6c1c807f1256	GET	/users/662120c123c175762fcc9e4a	undefined
20240423	04:23:40	7e9ee414-c718-410f-97e9-5bcded94bcf9	GET	/users/662120c123c175762fcc9e4a	undefined
20240423	04:23:41	adfb2759-3ce2-4b92-a124-13ff7b5e0f94	GET	/users/662120c123c175762fcc9e4a	undefined
20240423	04:23:41	1b833fdd-5233-47a7-b104-ce2a7cb48c01	GET	/users/662120c123c175762fcc9e4a	undefined
20240423	04:23:42	b89ce024-c4e1-4c21-b1dd-9e0475e93d4b	GET	/users/662120c123c175762fcc9e4a	undefined
20240423	04:23:42	e02da8bf-148d-4910-be34-33ba031a1789	GET	/users/662120c123c175762fcc9e4a	undefined
20240423	04:23:42	c2f9be6e-f663-42bd-a385-41abc9713baa	GET	/users/662120c123c175762fcc9e4a	undefined
20240423	04:23:42	4b687be8-14c3-4221-9e0c-bb8da8a4e228	GET	/users/662120c123c175762fcc9e4a	undefined
20240423	04:23:42	ebe802ec-2646-47a9-bc62-65ed5d44e099	GET	/users/662120c123c175762fcc9e4a	undefined
20240423	04:23:43	8407a6bf-f3c0-4f1f-b35b-a566e3560def	GET	/users/662120c123c175762fcc9e4a	undefined
20240423	04:28:42	d53557ea-4620-4a73-b28c-09cb8ee0f3ae	GET	/users/662120c123c175762fcc9e4a	undefined
20240423	04:28:48	138409e9-c668-497a-9654-42c98a1a59d8	GET	/users/662120c123c175762fcc9e4a	undefined
20240423	04:30:01	e106598e-76ec-4f08-8bc1-534aa1ae3af7	GET	/users	undefined
20240423	04:30:20	8d5c4c91-2225-436a-8837-3423a6b74043	GET	/users/662120e023c175762fcc9e4f	undefined
20240423	04:31:04	e05a4aa9-fc27-4f2e-a663-715ced412a9b	DELETE	/users/662120e023c175762fcc9e4f	undefined
20240423	04:31:12	1bb4dc93-0fb9-4688-b48f-5385add4e819	DELETE	/users/662120e023c175762fcc9e4f	undefined
20240423	04:31:57	8058b09a-8bde-4b8a-bb81-a48e9f5a323a	DELETE	/users	undefined
20240423	04:32:20	79ece935-afeb-40c8-842e-fa2e43805b01	DELETE	/users	undefined
20240423	04:32:34	2bc2283c-237f-46d6-9ad6-2b20ec107a3b	GET	/users	undefined
20240423	04:33:16	01be4f26-03c7-4077-a3fc-c29e494c70ce	DELETE	/users	undefined
20240423	04:33:18	c2adbcfd-df00-4dd6-b26f-1f91abe0f02e	DELETE	/users	undefined
20240423	04:33:19	f05e9f5e-b2f0-4dd0-9d73-f984e4e6a352	DELETE	/users	undefined
20240423	04:33:19	e2d4a1b6-6cb4-4f91-ac71-0ac95a65432c	DELETE	/users	undefined
20240423	04:33:20	9c0e60c5-4ef6-4f9d-810f-8e1351b59815	DELETE	/users	undefined
20240423	04:33:57	b2501c6d-4e6e-403b-89aa-ce1147f91d43	POST	/users	undefined
20240423	04:34:21	5cf6649e-2039-4351-8838-4969d6049319	POST	/users	undefined
20240423	04:34:27	7cafd4d0-6427-4eb9-9664-804b478f3dc1	POST	/users	undefined
20240423	04:34:34	67b2dc1f-38c7-463f-9566-2601fb6dd1de	POST	/users	undefined
20240423	04:34:45	a6545911-358d-461a-8967-5a60b50f6727	GET	/users	undefined
20240423	04:51:50	7fc0b49d-9f7d-45a6-9428-567b0e560838	GET	/users	undefined
20240423	04:52:01	a4a811f6-2689-4794-bfca-394debff7344	GET	/users/662120c123c175762fcc9e4a	undefined
20240423	04:52:50	8e5943ff-5cca-4033-96da-93f265ec47f9	GET	/users/662120c123c175762fcc9e4a	undefined
20240423	04:52:52	9d419b41-129b-4391-99ed-66eeafc93218	GET	/users/662120c123c175762fcc9e4a	undefined
20240423	04:52:53	896937b3-229e-4724-9280-8256dc81d585	GET	/users/662120c123c175762fcc9e4a	undefined
20240423	04:52:53	4b84c057-9a2a-4416-9e22-2c7556b55db6	GET	/users/662120c123c175762fcc9e4a	undefined
20240423	04:52:53	6ca1c67b-824c-456a-b5f0-27f2aca0aca4	GET	/users/662120c123c175762fcc9e4a	undefined
20240423	04:52:53	3fa2b43b-3b2d-4467-b9c9-a07555727799	GET	/users/662120c123c175762fcc9e4a	undefined
20240423	04:52:54	016005f7-06e7-4710-a8ae-d37711da074d	GET	/users/662120c123c175762fcc9e4a	undefined
20240423	04:52:54	0002937e-45bc-48d7-b543-bca9676c8504	GET	/users/662120c123c175762fcc9e4a	undefined
20240423	04:52:54	c2f36b54-35cb-4fb9-91ca-d9eba7ae4a6b	GET	/users/662120c123c175762fcc9e4a	undefined
20240423	04:52:54	d62648d0-0e90-45cd-b46c-c5abc26fbf5b	GET	/users/662120c123c175762fcc9e4a	undefined
20240423	04:52:54	5ec8c60d-d9cf-490f-bd29-be97e32704da	GET	/users/662120c123c175762fcc9e4a	undefined
20240423	04:52:55	23d04df7-daa7-4ae7-9115-cc3d9d3342b1	GET	/users/662120c123c175762fcc9e4a	undefined
20240423	04:52:55	26f1bf56-aaea-438e-abd5-097aa3a3c2a2	GET	/users/662120c123c175762fcc9e4a	undefined
20240423	04:53:04	b8e7ce0a-a06a-4758-90db-8986a7a952fa	GET	/users/662120c123c175762fcc9e4a	undefined
20240423	04:53:55	b2b2ac94-07ce-4d4c-a0df-72d8de62adf0	GET	/users/662120c123c175762fcc9e4a	undefined
20240423	04:54:01	5bc81ded-5571-4821-ad0b-f8c4585d2249	GET	/users/662120c123c175762fcc9e4a	undefined
20240423	04:54:30	1df6e59a-3a2b-4acc-87c2-fe6bf834ac8c	GET	/users/662120c123c175762fcc9e4a	undefined
20240423	04:54:32	df153450-1715-4a17-a080-6be5bcba32e1	GET	/users/662120c123c175762fcc9e4a	undefined
20240423	04:54:33	15c53dc0-1d35-4944-90c6-fb62950fab36	GET	/users/662120c123c175762fcc9e4a	undefined
20240423	04:54:56	0f752518-c419-4155-811d-45678113f025	GET	/users	undefined
20240423	04:55:04	0113c9ae-175d-4e51-b490-ec98dcc47476	GET	/users/662120c123c175762fcc9e4a	undefined
20240423	04:56:05	c28b29e3-0203-49ef-9e50-92b73cb11385	GET	/users/662120c123c175762fcc9e4a	undefined
20240423	04:56:38	74d61ec6-8e4e-4010-bd24-58af39e41aad	GET	/users/662120c123c175762fcc9e4a	undefined
20240423	04:57:25	9b45742d-4556-4ea7-825e-14c26126d3e1	GET	/users/662120c123c175762fcc9e4a	undefined
20240423	04:58:00	c460ff28-6950-48ce-bbcf-8cb9a16ca586	GET	/users/662120c123c175762fcc9e4a	undefined
20240423	04:58:04	62c151f3-b598-422f-8e4b-92d4fe5e5de6	GET	/users/662120c123c175762fcc9e4a222	undefined
20240423	05:21:47	779de204-5fa6-4d14-b2f6-59c64675c5b0	GET	/notes/662120c123c175762fcc9e4a222	undefined
20240423	05:21:52	01dec32d-4e46-4c4f-9617-26b8681a5703	GET	/notes/	undefined
20240423	05:22:45	7092e2f2-aa2d-421e-b3c1-f5d4a7167f02	GET	/users	undefined
20240423	05:24:26	88054ff7-1726-4c70-ac9d-5bf66837bcfc	POST	/notes/	undefined
20240423	05:25:18	bfa4d6d4-8338-4cd9-b07b-1bd0b9b03fc0	POST	/notes/	undefined
20240423	05:25:21	e9a7ddd0-8b4f-4617-8586-bb71f5ce8e30	GET	/notes/	undefined
20240423	05:25:43	36d7acf4-28cb-4476-9ff6-eaeebe8bce67	POST	/notes/	undefined
20240423	05:26:15	542e1d3d-13c1-40a8-913a-391c01cfe81c	GET	/notes/	undefined
20240423	05:27:10	f65ab66c-3494-4a97-8ff8-de39ef715b4c	PATCH	/notes/	undefined
20240423	05:27:27	c842c4f3-b162-4132-b7e7-044b5f6d8548	GET	/notes/66271bda995d8857d4f53d9b	undefined
20240423	05:27:36	b0794d73-00e4-4719-b152-d48df34eae4d	GET	/notes/	undefined
20240423	05:27:52	98364d2b-6e4f-4a2b-b734-301b7f18b7ed	DELETE	/notes/66271bda995d8857d4f53d9b	undefined
20240423	05:28:04	a8a2d855-572e-4901-a3e9-5c69b6aba251	DELETE	/notes/	undefined
20240423	05:28:11	abdcb400-6e73-453c-b50e-de620d92ce0e	GET	/notes/	undefined
20240423	05:28:42	8eb12845-08a4-4bde-a5ae-29fa7ea04719	DELETE	/notes/	undefined
20240423	05:28:46	5dafd7fb-171c-48ca-b7d6-a6095e80736a	GET	/notes/	undefined
20240423	05:29:35	758e0eaa-23f6-42e3-8747-df2a475cc08a	PATCH	/notes/	undefined
20240423	05:29:39	16781f3d-4acf-47df-af0d-901acc8dff02	GET	/notes/	undefined
20240423	05:33:37	0f2200ca-e818-4012-a420-c067116e9584	GET	/notes/	undefined
20240423	05:34:52	19805aae-3d9f-4b6f-b0c5-32b231881f46	GET	/notes/	undefined
20240423	05:35:31	42cf2cab-4414-47fa-8da8-cc56b6737c97	GET	/notes/	undefined
20240423	05:36:45	d22d4efc-860e-499c-9995-5c61e3180a66	GET	/notes/	undefined
20240423	05:37:59	00c6564d-dfd8-4b63-be0c-f31fe9edbbbb	GET	/notes/	undefined
20240423	05:38:06	c0b546c8-cfb9-495e-98bf-8680a29ac705	POST	/notes/	undefined
20240423	05:38:10	25a1680e-977f-4292-9234-3d9c1432ff03	GET	/notes/	undefined
20240423	05:38:24	0bfb5732-da36-4e89-b502-f229d2e849b0	GET	/notes/66271c27995d8857d4f53da5	undefined
20240423	05:50:55	f63824f6-b205-471e-a6ce-ec183baafa18	GET	/notes/	undefined
20240423	05:53:33	018780b1-2705-4acb-bfba-ed2702f7db14	GET	/notes/	undefined
20240423	05:54:13	9daacca3-b426-48b6-ac98-e6c11d56b258	GET	/notes/	undefined
20240423	05:54:15	eda75d0a-f64e-49af-a2a1-c464707956ab	GET	/notes/	undefined
20240423	05:54:15	3e6a60b8-2a8d-4a67-960f-434fe6b56fec	GET	/notes/	undefined
20240423	05:54:51	c7a1650e-0485-4a45-8df4-55efbada7863	GET	/notes/	undefined
